2025-07-20T12:58:37.015+02:00  INFO 35560 --- [g-40-1-shop] [main] d.a.g_40_1_shop.G401ShopApplication      : Starting G401ShopApplication using Java 17.0.14 with PID 35560 (C:\Users\chapl\IdeaProjects\g-40-1-shop\target\classes started by chapl in C:\Users\chapl\IdeaProjects\g-40-1-shop)
2025-07-20T12:58:37.023+02:00  INFO 35560 --- [g-40-1-shop] [main] d.a.g_40_1_shop.G401ShopApplication      : The following 1 profile is active: "dev"
2025-07-20T12:58:38.651+02:00  INFO 35560 --- [g-40-1-shop] [main] .s.d.r.c.RepositoryConfigurationDelegate : Bootstrapping Spring Data JPA repositories in DEFAULT mode.
2025-07-20T12:58:38.764+02:00  INFO 35560 --- [g-40-1-shop] [main] .s.d.r.c.RepositoryConfigurationDelegate : Finished Spring Data repository scanning in 98 ms. Found 4 JPA repository interfaces.
2025-07-20T12:58:39.994+02:00  INFO 35560 --- [g-40-1-shop] [main] o.s.b.w.embedded.tomcat.TomcatWebServer  : Tomcat initialized with port 8080 (http)
2025-07-20T12:58:40.024+02:00  INFO 35560 --- [g-40-1-shop] [main] o.apache.catalina.core.StandardService   : Starting service [Tomcat]
2025-07-20T12:58:40.024+02:00  INFO 35560 --- [g-40-1-shop] [main] o.apache.catalina.core.StandardEngine    : Starting Servlet engine: [Apache Tomcat/10.1.42]
2025-07-20T12:58:40.177+02:00  INFO 35560 --- [g-40-1-shop] [main] o.a.c.c.C.[Tomcat].[localhost].[/]       : Initializing Spring embedded WebApplicationContext
2025-07-20T12:58:40.177+02:00  INFO 35560 --- [g-40-1-shop] [main] w.s.c.ServletWebServerApplicationContext : Root WebApplicationContext: initialization completed in 3076 ms
2025-07-20T12:58:40.454+02:00  INFO 35560 --- [g-40-1-shop] [main] com.zaxxer.hikari.HikariDataSource       : HikariPool-1 - Starting...
2025-07-20T12:58:40.899+02:00  INFO 35560 --- [g-40-1-shop] [main] com.zaxxer.hikari.pool.HikariPool        : HikariPool-1 - Added connection org.postgresql.jdbc.PgConnection@6b5c134e
2025-07-20T12:58:40.899+02:00  INFO 35560 --- [g-40-1-shop] [main] com.zaxxer.hikari.HikariDataSource       : HikariPool-1 - Start completed.
2025-07-20T12:58:41.204+02:00  INFO 35560 --- [g-40-1-shop] [main] liquibase.database                       : Set default schema name to public
2025-07-20T12:58:42.249+02:00  INFO 35560 --- [g-40-1-shop] [main] liquibase.changelog                      : Reading from public.databasechangelog
2025-07-20T12:58:42.694+02:00  INFO 35560 --- [g-40-1-shop] [main] liquibase.ui                             : Database is up to date, no changesets to execute
2025-07-20T12:58:42.694+02:00  INFO 35560 --- [g-40-1-shop] [main] liquibase.changelog                      : Reading from public.databasechangelog
2025-07-20T12:58:42.730+02:00  INFO 35560 --- [g-40-1-shop] [main] liquibase.util                           : UPDATE SUMMARY
2025-07-20T12:58:42.730+02:00  INFO 35560 --- [g-40-1-shop] [main] liquibase.util                           : Run:                          0
2025-07-20T12:58:42.730+02:00  INFO 35560 --- [g-40-1-shop] [main] liquibase.util                           : Previously run:              18
2025-07-20T12:58:42.730+02:00  INFO 35560 --- [g-40-1-shop] [main] liquibase.util                           : Filtered out:                 0
2025-07-20T12:58:42.731+02:00  INFO 35560 --- [g-40-1-shop] [main] liquibase.util                           : -------------------------------
2025-07-20T12:58:42.731+02:00  INFO 35560 --- [g-40-1-shop] [main] liquibase.util                           : Total change sets:           18
2025-07-20T12:58:42.732+02:00  INFO 35560 --- [g-40-1-shop] [main] liquibase.util                           : Update summary generated
2025-07-20T12:58:42.734+02:00  INFO 35560 --- [g-40-1-shop] [main] liquibase.command                        : Command execution complete
2025-07-20T12:58:43.617+02:00  INFO 35560 --- [g-40-1-shop] [main] o.hibernate.jpa.internal.util.LogHelper  : HHH000204: Processing PersistenceUnitInfo [name: default]
2025-07-20T12:58:43.714+02:00  INFO 35560 --- [g-40-1-shop] [main] org.hibernate.Version                    : HHH000412: Hibernate ORM core version 6.6.18.Final
2025-07-20T12:58:43.784+02:00  INFO 35560 --- [g-40-1-shop] [main] o.h.c.internal.RegionFactoryInitiator    : HHH000026: Second-level cache disabled
2025-07-20T12:58:44.297+02:00  INFO 35560 --- [g-40-1-shop] [main] o.s.o.j.p.SpringPersistenceUnitInfo      : No LoadTimeWeaver setup: ignoring JPA class transformer
2025-07-20T12:58:44.479+02:00  INFO 35560 --- [g-40-1-shop] [main] org.hibernate.orm.connections.pooling    : HHH10001005: Database info:
	Database JDBC URL [Connecting through datasource 'HikariDataSource (HikariPool-1)']
	Database driver: undefined/unknown
	Database version: 16.3
	Autocommit mode: undefined/unknown
	Isolation level: undefined/unknown
	Minimum pool size: undefined/unknown
	Maximum pool size: undefined/unknown
2025-07-20T12:58:45.895+02:00  INFO 35560 --- [g-40-1-shop] [main] o.h.e.t.j.p.i.JtaPlatformInitiator       : HHH000489: No JTA platform available (set 'hibernate.transaction.jta.platform' to enable JTA platform integration)
2025-07-20T12:58:45.904+02:00  INFO 35560 --- [g-40-1-shop] [main] j.LocalContainerEntityManagerFactoryBean : Initialized JPA EntityManagerFactory for persistence unit 'default'
2025-07-20T12:58:46.854+02:00  WARN 35560 --- [g-40-1-shop] [main] JpaBaseConfiguration$JpaWebConfiguration : spring.jpa.open-in-view is enabled by default. Therefore, database queries may be performed during view rendering. Explicitly configure spring.jpa.open-in-view to disable this warning
2025-07-20T12:58:47.306+02:00  INFO 35560 --- [g-40-1-shop] [main] r$InitializeUserDetailsManagerConfigurer : Global AuthenticationManager configured with UserDetailsService bean with name userService
2025-07-20T12:58:47.614+02:00  INFO 35560 --- [g-40-1-shop] [main] o.s.v.b.OptionalValidatorFactoryBean     : Failed to set up a Bean Validation provider: jakarta.validation.NoProviderFoundException: Unable to create a Configuration, because no Jakarta Bean Validation provider could be found. Add a provider like Hibernate Validator (RI) to your classpath.
2025-07-20T12:58:48.045+02:00  INFO 35560 --- [g-40-1-shop] [main] o.s.b.w.embedded.tomcat.TomcatWebServer  : Tomcat started on port 8080 (http) with context path '/'
2025-07-20T12:58:48.062+02:00  INFO 35560 --- [g-40-1-shop] [main] d.a.g_40_1_shop.G401ShopApplication      : Started G401ShopApplication in 11.796 seconds (process running for 19.359)
